#
# A fatal error has been detected by the Java Runtime Environment:
#
#  EXCEPTION_ACCESS_VIOLATION (0xc0000005) at pc=0x00000000608a43d9, pid=4260, tid=6364
#
# JRE version: Java(TM) SE Runtime Environment (7.0_60-b19) (build 1.7.0_60-b19)
# Java VM: Java HotSpot(TM) 64-Bit Server VM (24.60-b09 mixed mode windows-amd64 compressed oops)
# Problematic frame:
# V  [jvm.dll+0x543d9]
#
# Failed to write core dump. Minidumps are not enabled by default on client versions of Windows
#
# If you would like to submit a bug report, please visit:
#   http://bugreport.sun.com/bugreport/crash.jsp
#

---------------  T H R E A D  ---------------

Current thread (0x000000000888b000):  JavaThread "JDWP Transport Listener: dt_socket" daemon [_thread_in_vm, id=6364, stack(0x000000000a9f0000,0x000000000aaf0000)]

siginfo: ExceptionCode=0xc0000005, reading address 0x000000000000000c

Registers:
RAX=0x000000000000000c, RBX=0x000000000888b000, RCX=0x0000000000000000, RDX=0x0000000000000000
RSP=0x000000000aaef270, RBP=0x000000000000000c, RSI=0x0000000000000000, RDI=0x0000000000000010
R8 =0x00000000eb485460, R9 =0x0000000000000000, R10=0x0000000000000000, R11=0x0000000000000001
R12=0x0000000000000000, R13=0x000000000887e7b8, R14=0x0000000000000000, R15=0x0000000000000000
RIP=0x00000000608a43d9, EFLAGS=0x0000000000010246

Top of Stack: (sp=0x000000000aaef270)
0x000000000aaef270:   000000000888b000 0000000000000000
0x000000000aaef280:   0000000000000000 000000000888b000
0x000000000aaef290:   0000000000000000 000000006096c8f7
0x000000000aaef2a0:   00000000eb485460 000000000aaef3c0
0x000000000aaef2b0:   0000000008897900 000000000aaef390
0x000000000aaef2c0:   000000000888b000 0000000000000000
0x000000000aaef2d0:   0000000008897900 000000000aaef3c0
0x000000000aaef2e0:   0000000000000000 000000000887e7b8
0x000000000aaef2f0:   0000000000000000 000000006e4f7d15
0x000000000aaef300:   000000000aaef390 000000000aaef3c0
0x000000000aaef310:   0000000008897900 000000000888b1e8
0x000000000aaef320:   000000000aeee20a 000000006e4ff090
0x000000000aaef330:   0000000008010a01 000000000aaef430
0x000000000aaef340:   000000000887e301 000000000882d6e0
0x000000000aaef350:   00001de200000013 0000000008010a00
0x000000000aaef360:   000000000af3d7d0 0000000060a1fbfd 

Instructions: (pc=0x00000000608a43d9)
0x00000000608a43b9:   d2 48 8b c5 eb 18 48 8b d0 48 8b c5 48 d3 e2 48
0x00000000608a43c9:   03 15 e1 04 6a 00 eb 06 48 8b 12 48 8b c7 48 98
0x00000000608a43d9:   8b 14 10 85 d2 74 2a 45 84 db 4c 63 c6 48 0f 45
0x00000000608a43e9:   fd 8d 47 0b 48 63 c8 48 83 e1 f8 48 c1 e9 03 8d 


Register to memory mapping:

RAX=0x000000000000000c is an unknown value
RBX=0x000000000888b000 is a thread
RCX=0x0000000000000000 is an unknown value
RDX=0x0000000000000000 is an unknown value
RSP=0x000000000aaef270 is pointing into the stack for thread: 0x000000000888b000
RBP=0x000000000000000c is an unknown value
RSI=0x0000000000000000 is an unknown value
RDI=0x0000000000000010 is an unknown value
R8 =0x00000000eb485460 is an oop
java.lang.String 
 - klass: 'java/lang/String'
R9 =0x0000000000000000 is an unknown value
R10=0x0000000000000000 is an unknown value
R11=0x0000000000000001 is an unknown value
R12=0x0000000000000000 is an unknown value
R13=0x000000000887e7b8 is an unknown value
R14=0x0000000000000000 is an unknown value
R15=0x0000000000000000 is an unknown value


Stack: [0x000000000a9f0000,0x000000000aaf0000],  sp=0x000000000aaef270,  free space=1020k
Native frames: (J=compiled Java code, j=interpreted, Vv=VM code, C=native code)
V  [jvm.dll+0x543d9]


---------------  P R O C E S S  ---------------

Java Threads: ( => current thread )
  0x000000000aeed000 JavaThread "TimerQueue" daemon [_thread_blocked, id=4864, stack(0x0000000012ef0000,0x0000000012ff0000)]
  0x000000000ad4b000 JavaThread "Swing-Shell" daemon [_thread_blocked, id=5304, stack(0x0000000011cb0000,0x0000000011db0000)]
  0x000000000af30800 JavaThread "D3D Screen Updater" daemon [_thread_blocked, id=5220, stack(0x0000000010ed0000,0x0000000010fd0000)]
  0x000000000ac63800 JavaThread "AWT-Windows" daemon [_thread_in_native, id=6440, stack(0x000000000bb80000,0x000000000bc80000)]
  0x000000000ac5e800 JavaThread "Java2D Disposer" daemon [_thread_blocked, id=2704, stack(0x000000000b830000,0x000000000b930000)]
  0x000000000ac05800 JavaThread "Service Thread" daemon [_thread_blocked, id=5256, stack(0x000000000b4d0000,0x000000000b5d0000)]
  0x000000000889f800 JavaThread "C2 CompilerThread1" daemon [_thread_blocked, id=6048, stack(0x000000000b1f0000,0x000000000b2f0000)]
  0x000000000889d800 JavaThread "C2 CompilerThread0" daemon [_thread_blocked, id=3288, stack(0x000000000b0e0000,0x000000000b1e0000)]
  0x0000000008896800 JavaThread "JDWP Command Reader" daemon [_thread_in_native, id=3080, stack(0x000000000a790000,0x000000000a890000)]
  0x0000000008895800 JavaThread "JDWP Event Helper Thread" daemon [_thread_blocked, id=1996, stack(0x000000000aaf0000,0x000000000abf0000)]
=>0x000000000888b000 JavaThread "JDWP Transport Listener: dt_socket" daemon [_thread_in_vm, id=6364, stack(0x000000000a9f0000,0x000000000aaf0000)]
  0x0000000008883800 JavaThread "Attach Listener" daemon [_thread_blocked, id=5336, stack(0x0000000009e50000,0x0000000009f50000)]
  0x000000000887d000 JavaThread "Signal Dispatcher" daemon [_thread_blocked, id=6888, stack(0x0000000009c40000,0x0000000009d40000)]
  0x0000000008829800 JavaThread "Finalizer" daemon [_thread_blocked, id=7012, stack(0x00000000099d0000,0x0000000009ad0000)]
  0x0000000008822800 JavaThread "Reference Handler" daemon [_thread_blocked, id=3172, stack(0x0000000009890000,0x0000000009990000)]
  0x00000000025a8000 JavaThread "main" [_thread_blocked, id=3832, stack(0x00000000027b0000,0x00000000028b0000)]

Other Threads:
  0x000000000881f000 VMThread [stack: 0x0000000009780000,0x0000000009880000] [id=2284]
  0x000000000ac14800 WatcherThread [stack: 0x000000000b660000,0x000000000b760000] [id=1140]

VM state:not at safepoint (normal execution)

VM Mutex/Monitor currently owned by a thread: None

Heap
 PSYoungGen      total 19456K, used 10826K [0x00000000eae00000, 0x00000000ec380000, 0x0000000100000000)
  eden space 16896K, 64% used [0x00000000eae00000,0x00000000eb892aa0,0x00000000ebe80000)
  from space 2560K, 0% used [0x00000000ec100000,0x00000000ec100000,0x00000000ec380000)
  to   space 2560K, 0% used [0x00000000ebe80000,0x00000000ebe80000,0x00000000ec100000)
 ParOldGen       total 43008K, used 0K [0x00000000c0a00000, 0x00000000c3400000, 0x00000000eae00000)
  object space 43008K, 0% used [0x00000000c0a00000,0x00000000c0a00000,0x00000000c3400000)
 PSPermGen       total 21504K, used 12482K [0x00000000bb800000, 0x00000000bcd00000, 0x00000000c0a00000)
  object space 21504K, 58% used [0x00000000bb800000,0x00000000bc430a78,0x00000000bcd00000)

Card table byte_map: [0x00000000058b0000,0x0000000005ae0000] byte_map_base: 0x00000000052d4000

Polling page: 0x0000000001e20000

Code Cache  [0x00000000028b0000, 0x0000000002b20000, 0x00000000058b0000)
 total_blobs=502 nmethods=61 adapters=402 free_code_cache=48556Kb largest_free_block=49703552

Compilation events (10 events):
Event: 13.353 Thread 0x000000000889f800 nmethod 57 0x0000000002946f90 code [0x0000000002947100, 0x0000000002947230]
Event: 13.353 Thread 0x000000000889d800 nmethod 56 0x00000000029473d0 code [0x0000000002947540, 0x0000000002947690]
Event: 13.736 Thread 0x000000000889f800   58             javax.swing.plaf.ComponentUI::contains (7 bytes)
Event: 13.736 Thread 0x000000000889f800 nmethod 58 0x0000000002947890 code [0x00000000029479c0, 0x0000000002947a78]
Event: 13.742 Thread 0x000000000889d800   59             java.lang.Character::toLowerCase (6 bytes)
Event: 13.743 Thread 0x000000000889d800 nmethod 59 0x0000000002947b50 code [0x0000000002947c80, 0x0000000002947d38]
Event: 14.232 Thread 0x000000000889f800   61             java.awt.AWTEvent::getID (5 bytes)
Event: 14.232 Thread 0x000000000889f800 nmethod 61 0x0000000002942e50 code [0x0000000002942f80, 0x0000000002942fd8]
Event: 15.304 Thread 0x000000000889d800   62             java.lang.Boolean::booleanValue (5 bytes)
Event: 15.304 Thread 0x000000000889d800 nmethod 62 0x0000000002942c50 code [0x0000000002942d80, 0x0000000002942dd8]

GC Heap History (0 events):
No events

Deoptimization events (0 events):
No events

Internal exceptions (10 events):
Event: 0.136 Thread 0x00000000025a8000 Threw 0x00000000eaf01e28 at C:\re\jdk7u60\1081\hotspot\src\share\vm\prims\jvm.cpp:1244
Event: 0.141 Thread 0x00000000025a8000 Threw 0x00000000eaf05078 at C:\re\jdk7u60\1081\hotspot\src\share\vm\prims\jvm.cpp:1244
Event: 0.143 Thread 0x00000000025a8000 Threw 0x00000000eaf06d68 at C:\re\jdk7u60\1081\hotspot\src\share\vm\prims\jvm.cpp:1244
Event: 0.153 Thread 0x00000000025a8000 Threw 0x00000000eaf0f6b0 at C:\re\jdk7u60\1081\hotspot\src\share\vm\prims\jni.cpp:717
Event: 0.192 Thread 0x00000000025a8000 Threw 0x00000000eafb9ab0 at C:\re\jdk7u60\1081\hotspot\src\share\vm\prims\jni.cpp:717
Event: 4.057 Thread 0x00000000025a8000 Threw 0x00000000eb17f720 at C:\re\jdk7u60\1081\hotspot\src\share\vm\prims\jvm.cpp:1244
Event: 4.057 Thread 0x00000000025a8000 Threw 0x00000000eb17f948 at C:\re\jdk7u60\1081\hotspot\src\share\vm\prims\jvm.cpp:1244
Event: 4.059 Thread 0x00000000025a8000 Threw 0x00000000eb1836c0 at C:\re\jdk7u60\1081\hotspot\src\share\vm\prims\jvm.cpp:1244
Event: 4.059 Thread 0x00000000025a8000 Threw 0x00000000eb1838e8 at C:\re\jdk7u60\1081\hotspot\src\share\vm\prims\jvm.cpp:1244
Event: 4.908 Thread 0x00000000025a8000 Threw 0x00000000eb2a4578 at C:\re\jdk7u60\1081\hotspot\src\share\vm\prims\jvm.cpp:1244

Events (10 events):
Event: 81.846 Executing VM operation: GetCurrentLocation
Event: 81.846 Executing VM operation: GetCurrentLocation done
Event: 81.846 Executing VM operation: ChangeSingleStep
Event: 81.846 Executing VM operation: ChangeSingleStep done
Event: 81.846 Executing VM operation: ChangeSingleStep
Event: 81.846 Executing VM operation: ChangeSingleStep done
Event: 81.855 Executing VM operation: GetOrSetLocal
Event: 81.855 Executing VM operation: GetOrSetLocal done
Event: 81.856 Executing VM operation: GetOrSetLocal
Event: 81.856 Executing VM operation: GetOrSetLocal done


Dynamic libraries:
0x000000013f670000 - 0x000000013f6a3000 	C:\Program Files\Java\jdk1.7.0_60\bin\javaw.exe
0x00000000779f0000 - 0x0000000077b99000 	C:\Windows\SYSTEM32\ntdll.dll
0x00000000777d0000 - 0x00000000778ef000 	C:\Windows\system32\kernel32.dll
0x000007fefd860000 - 0x000007fefd8cc000 	C:\Windows\system32\KERNELBASE.dll
0x000007fefdc20000 - 0x000007fefdcfb000 	C:\Windows\system32\ADVAPI32.dll
0x000007fefded0000 - 0x000007fefdf6f000 	C:\Windows\system32\msvcrt.dll
0x000007fefdc00000 - 0x000007fefdc1f000 	C:\Windows\SYSTEM32\sechost.dll
0x000007fefdd80000 - 0x000007fefdead000 	C:\Windows\system32\RPCRT4.dll
0x00000000778f0000 - 0x00000000779ea000 	C:\Windows\system32\USER32.dll
0x000007feff220000 - 0x000007feff287000 	C:\Windows\system32\GDI32.dll
0x000007feff190000 - 0x000007feff19e000 	C:\Windows\system32\LPK.dll
0x000007feff830000 - 0x000007feff8f9000 	C:\Windows\system32\USP10.dll
0x000007fefc120000 - 0x000007fefc314000 	C:\Windows\WinSxS\amd64_microsoft.windows.common-controls_6595b64144ccf1df_6.0.7601.17514_none_fa396087175ac9ac\COMCTL32.dll
0x000007feff900000 - 0x000007feff971000 	C:\Windows\system32\SHLWAPI.dll
0x000007feff1f0000 - 0x000007feff21e000 	C:\Windows\system32\IMM32.DLL
0x000007fefdf70000 - 0x000007fefe079000 	C:\Windows\system32\MSCTF.dll
0x0000000180000000 - 0x000000018000a000 	C:\Windows\KATRK64.DLL
0x000007fefc670000 - 0x000007fefc681000 	C:\Windows\system32\WTSAPI32.dll
0x000000006e370000 - 0x000000006e442000 	C:\Program Files\Java\jdk1.7.0_60\jre\bin\msvcr100.dll
0x0000000060850000 - 0x0000000061022000 	C:\Program Files\Java\jdk1.7.0_60\jre\bin\server\jvm.dll
0x000007fefd560000 - 0x000007fefd569000 	C:\Windows\system32\WSOCK32.dll
0x000007feff1a0000 - 0x000007feff1ed000 	C:\Windows\system32\WS2_32.dll
0x000007fefe080000 - 0x000007fefe088000 	C:\Windows\system32\NSI.dll
0x000007fefb0c0000 - 0x000007fefb0fb000 	C:\Windows\system32\WINMM.dll
0x0000000077bb0000 - 0x0000000077bb7000 	C:\Windows\system32\PSAPI.DLL
0x0000000062f40000 - 0x0000000062f4f000 	C:\Program Files\Java\jdk1.7.0_60\jre\bin\verify.dll
0x0000000062bc0000 - 0x0000000062be8000 	C:\Program Files\Java\jdk1.7.0_60\jre\bin\java.dll
0x000000006e4f0000 - 0x000000006e525000 	C:\Program Files\Java\jdk1.7.0_60\jre\bin\jdwp.dll
0x000000006f900000 - 0x000000006f908000 	C:\Program Files\Java\jdk1.7.0_60\jre\bin\npt.dll
0x000000006fed0000 - 0x000000006fee5000 	C:\Program Files\Java\jdk1.7.0_60\jre\bin\zip.dll
0x00000000750c0000 - 0x00000000750c9000 	C:\Program Files\Java\jdk1.7.0_60\jre\bin\dt_socket.dll
0x000007fefb110000 - 0x000007fefb125000 	C:\Windows\system32\NLAapi.dll
0x000007fef9cb0000 - 0x000007fef9cc5000 	C:\Windows\system32\napinsp.dll
0x000007fef9c90000 - 0x000007fef9ca9000 	C:\Windows\system32\pnrpnsp.dll
0x000007fefcd70000 - 0x000007fefcdc5000 	C:\Windows\System32\mswsock.dll
0x000007fefcbf0000 - 0x000007fefcc4b000 	C:\Windows\system32\DNSAPI.dll
0x000007fef9c70000 - 0x000007fef9c7b000 	C:\Windows\System32\winrnr.dll
0x0000000070920000 - 0x0000000070946000 	C:\Program Files\Bonjour\mdnsNSP.dll
0x000007fefd530000 - 0x000007fefd557000 	C:\Windows\system32\Iphlpapi.DLL
0x000007fefd520000 - 0x000007fefd52b000 	C:\Windows\system32\WINNSI.DLL
0x000007fef9ae0000 - 0x000007fef9b0f000 	C:\Program Files\Common Files\Microsoft Shared\Windows Live\WLIDNSP.DLL
0x000007fefad50000 - 0x000007fefada3000 	C:\Windows\System32\fwpuclnt.dll
0x000007fef9a80000 - 0x000007fef9a88000 	C:\Windows\system32\rasadhlp.dll
0x0000000002040000 - 0x0000000002064000 	C:\Program Files (x86)\Common Files\NSL\nslsp64.dll
0x000007fefc770000 - 0x000007fefc77c000 	C:\Windows\system32\VERSION.dll
0x000007fefc750000 - 0x000007fefc757000 	C:\Windows\System32\wshtcpip.dll
0x000000006e1d0000 - 0x000000006e365000 	C:\Program Files\Java\jdk1.7.0_60\jre\bin\awt.dll
0x000007feff520000 - 0x000007feff5f7000 	C:\Windows\system32\OLEAUT32.dll
0x000007fefee20000 - 0x000007feff023000 	C:\Windows\system32\ole32.dll
0x000007fefc0c0000 - 0x000007fefc116000 	C:\Windows\system32\uxtheme.dll
0x0000000011320000 - 0x0000000011362000 	C:\Program Files (x86)\NetSupport\NetSupport School\pciappctrl64.dll
0x000007fefe090000 - 0x000007fefee18000 	C:\Windows\system32\SHELL32.dll
0x000007fefd570000 - 0x000007fefd695000 	C:\Windows\system32\dbghelp.dll
0x000007fef9a50000 - 0x000007fef9a78000 	C:\Program Files (x86)\Common Files\NSL\NSCommonHook64.dll
0x000007fef9cd0000 - 0x000007fef9d41000 	C:\Windows\system32\Winspool.drv
0x000007fefbb70000 - 0x000007fefbb88000 	C:\Windows\system32\dwmapi.dll
0x000007fefd4e0000 - 0x000007fefd4ef000 	C:\Windows\system32\CRYPTBASE.dll
0x000000006f870000 - 0x000000006f8b7000 	C:\Program Files\Java\jdk1.7.0_60\jre\bin\fontmanager.dll
0x000007fef82c0000 - 0x000007fef84bf000 	C:\Windows\system32\d3d9.dll
0x000007fef81d0000 - 0x000007fef81d7000 	C:\Windows\system32\d3d8thk.dll
0x000007fefc360000 - 0x000007fefc36e000 	C:\Windows\system32\atiu9p64.dll
0x000000006d1c0000 - 0x000000006d8e3000 	C:\Windows\system32\atiumd64.dll
0x000000006cdd0000 - 0x000000006d1bc000 	C:\Windows\system32\atiumd6a.dll
0x00000000626f0000 - 0x0000000062709000 	C:\Program Files\Java\jdk1.7.0_60\jre\bin\net.dll
0x000007fefcd60000 - 0x000007fefcd67000 	C:\Windows\System32\wship6.dll
0x00000000623e0000 - 0x00000000623f1000 	C:\Program Files\Java\jdk1.7.0_60\jre\bin\nio.dll
0x000000006f820000 - 0x000000006f861000 	C:\Program Files\Java\jdk1.7.0_60\jre\bin\t2k.dll
0x000007fef7ec0000 - 0x000007fef7f60000 	C:\Windows\WinSxS\amd64_microsoft.windows.common-controls_6595b64144ccf1df_5.82.7601.18201_none_a4d3b9377117c3df\comctl32.dll
0x000007fefd390000 - 0x000007fefd3e7000 	C:\Windows\system32\apphelp.dll
0x000007feffbc0000 - 0x000007feffc59000 	C:\Windows\system32\CLBCatQ.DLL
0x000007fef5460000 - 0x000007fef55fc000 	C:\Windows\system32\NetworkExplorer.dll
0x000007fefbb90000 - 0x000007fefbcbc000 	C:\Windows\system32\PROPSYS.dll
0x000007fefd790000 - 0x000007fefd7a8000 	C:\Windows\system32\MPR.dll
0x000007fefbd10000 - 0x000007fefbd1a000 	C:\Windows\System32\drprov.dll
0x000007fefd490000 - 0x000007fefd4cd000 	C:\Windows\System32\WINSTA.dll
0x000007fefb490000 - 0x000007fefb4b2000 	C:\Windows\System32\ntlanman.dll
0x000007fefb7f0000 - 0x000007fefb80d000 	C:\Windows\System32\davclnt.dll
0x000007fefb9c0000 - 0x000007fefb9ca000 	C:\Windows\System32\DAVHLPR.dll
0x000007fefd760000 - 0x000007fefd76c000 	C:\Windows\system32\netutils.dll
0x000007fef7cd0000 - 0x000007fef7cdf000 	C:\Windows\system32\cscapi.dll
0x000007fefd730000 - 0x000007fefd753000 	C:\Windows\system32\srvcli.dll
0x000007fef4cb0000 - 0x000007fef4ce4000 	C:\Windows\System32\shdocvw.dll
0x000007fefd840000 - 0x000007fefd84f000 	C:\Windows\system32\profapi.dll
0x000007fefd510000 - 0x000007fefd51b000 	C:\Windows\system32\slc.dll
0x000007feff9e0000 - 0x000007feffbb7000 	C:\Windows\system32\SETUPAPI.dll
0x000007fefdac0000 - 0x000007fefdaf6000 	C:\Windows\system32\CFGMGR32.dll
0x000007fefd910000 - 0x000007fefd92a000 	C:\Windows\system32\DEVOBJ.dll
0x000007fefd710000 - 0x000007fefd725000 	C:\Windows\system32\wkscli.dll
0x000007fef41c0000 - 0x000007fef4431000 	C:\Windows\system32\wpdshext.dll
0x000007fefbea0000 - 0x000007fefc0b6000 	C:\Windows\WinSxS\amd64_microsoft.windows.gdiplus_6595b64144ccf1df_1.1.7601.18455_none_2b283fd671e9bf4d\gdiplus.dll
0x000007fef88f0000 - 0x000007fef89ad000 	C:\Windows\system32\PortableDeviceApi.dll
0x000007fefd8d0000 - 0x000007fefd90a000 	C:\Windows\system32\WINTRUST.dll
0x000007fefd930000 - 0x000007fefda9c000 	C:\Windows\system32\CRYPT32.dll
0x000007fefd850000 - 0x000007fefd85f000 	C:\Windows\system32\MSASN1.dll
0x000007fef9a00000 - 0x000007fef9a35000 	C:\Windows\system32\EhStorShell.dll
0x000007fef6d10000 - 0x000007fef6d37000 	C:\Windows\system32\EhStorAPI.dll
0x000007fef5fd0000 - 0x000007fef6131000 	C:\Windows\system32\WindowsCodecs.dll
0x000007fef3610000 - 0x000007fef384e000 	C:\PROGRA~1\MICROS~1\Office15\GROOVEEX.DLL
0x0000000070610000 - 0x00000000706a8000 	C:\Windows\system32\MSVCP100.dll
0x00000000709e0000 - 0x0000000070a0b000 	C:\Windows\system32\ATL100.DLL
0x000007fef6920000 - 0x000007fef6c37000 	C:\Windows\system32\msi.dll
0x000007fef1970000 - 0x000007fef21eb000 	C:\PROGRA~1\MICROS~1\Office15\1033\GrooveIntlResource.dll
0x000007fef1300000 - 0x000007fef196f000 	C:\PROGRA~1\MICROS~1\Office14\GROOVEEX.DLL
0x00000000700a0000 - 0x0000000070143000 	C:\Windows\WinSxS\amd64_microsoft.vc90.crt_1fc8b3b9a1e18e3b_9.0.30729.6161_none_08e61857a83bc251\MSVCR90.dll
0x000000006fdf0000 - 0x000000006fec3000 	C:\Windows\WinSxS\amd64_microsoft.vc90.crt_1fc8b3b9a1e18e3b_9.0.30729.6161_none_08e61857a83bc251\MSVCP90.dll
0x0000000070a10000 - 0x0000000070a3f000 	C:\Windows\WinSxS\amd64_microsoft.vc90.atl_1fc8b3b9a1e18e3b_9.0.30729.6161_none_0a1fd3a3a768b895\ATL90.DLL
0x000007feecf80000 - 0x000007feed39a000 	C:\PROGRA~1\COMMON~1\MICROS~1\OFFICE14\Cultures\office.odf
0x000007feec160000 - 0x000007feec9c5000 	C:\PROGRA~1\MICROS~1\Office14\1033\GrooveIntlResource.dll
0x000007fef4cf0000 - 0x000007fef4d6e000 	C:\Windows\System32\cscui.dll
0x000007fefb5e0000 - 0x000007fefb5ec000 	C:\Windows\System32\CSCDLL.dll
0x000007fefa8e0000 - 0x000007fefa960000 	C:\Windows\system32\ntshrui.dll

VM Arguments:
jvm_args: -agentlib:jdwp=transport=dt_socket,suspend=y,address=localhost:50978 -Dfile.encoding=Cp1252 
java_command: Driver
Launcher Type: SUN_STANDARD

Environment Variables:
PATH=C:\Program Files\Java\jdk1.7.0_60\jre\bin;C:/Program Files/Java/jdk1.7.0_60/bin/../jre/bin/server;C:/Program Files/Java/jdk1.7.0_60/bin/../jre/bin;C:/Program Files/Java/jdk1.7.0_60/bin/../jre/lib/amd64;C:\Program Files (x86)\MEGA6;C:\Program Files\Common Files\Microsoft Shared\Windows Live;C:\Program Files (x86)\Common Files\Microsoft Shared\Windows Live;C:\Windows\system32;C:\Windows;C:\Windows\System32\Wbem;C:\Windows\System32\WindowsPowerShell\v1.0\;C:\Program Files (x86)\Common Files\Roxio Shared\DLLShared\;C:\Program Files (x86)\Common Files\Roxio Shared\10.0\DLLShared\;C:\Program Files (x86)\QuickTime\QTSystem\;C:\Program Files (x86)\Windows Live\Shared;C:\Program Files\Microsoft\Web Platform Installer\;C:\Program Files (x86)\Microsoft ASP.NET\ASP.NET Web Pages\v1.0\;C:\Program Files\Microsoft SQL Server\110\Tools\Binn\;C:\Program Files\Java\jdk1.7.0_60\bin\;C:\Program Files (x86)\Windows Kits\8.1\Windows Performance Toolkit\;C:\Program Files (x86)\Microsoft SDKs\TypeScript\1.0\;C:\Program Files (x86)\Clean Project\;C:\Program Files (x86)\PharosSystems\Core;C:\ProgramData\Microsoft\Windows\Start Menu\Programs\Computer Science Software;
USERNAME=stephanos
OS=Windows_NT
PROCESSOR_IDENTIFIER=Intel64 Family 6 Model 58 Stepping 9, GenuineIntel



---------------  S Y S T E M  ---------------

OS: Windows 7 , 64 bit Build 7601 Service Pack 1

CPU:total 4 (4 cores per cpu, 1 threads per core) family 6 model 58 stepping 9, cmov, cx8, fxsr, mmx, sse, sse2, sse3, ssse3, sse4.1, sse4.2, popcnt, avx, aes, erms, tsc, tscinvbit, tscinv

Memory: 4k page, physical 4147668k(1076920k free), swap 8293472k(3992772k free)

vm_info: Java HotSpot(TM) 64-Bit Server VM (24.60-b09) for windows-amd64 JRE (1.7.0_60-b19), built on May  7 2014 12:55:18 by "java_re" with unknown MS VC++:1600

time: Fri Oct 24 13:19:40 2014
elapsed time: 82 seconds

